0 info it worked if it ends with ok
1 verbose cli [ 'node', '/usr/local/bin/npm', 'publish', '--force' ]
2 info using npm@1.3.14
3 info using node@v0.10.22
4 warn using --force I sure hope you know what you are doing.
5 verbose publish [ '.' ]
6 error Failed to parse json
6 error Unexpected token v
7 error File: /Users/craig/Developer/jobs/classdojo/bindable-decor/package.json
8 error Failed to parse package.json data.
8 error package.json must be actual JSON, not just JavaScript.
8 error
8 error This is not a bug in npm.
8 error Tell the package author to fix their package.json file. JSON.parse
9 error System Darwin 13.0.0
10 error command "node" "/usr/local/bin/npm" "publish" "--force"
11 error cwd /Users/craig/Developer/jobs/classdojo/bindable-decor
12 error node -v v0.10.22
13 error npm -v 1.3.14
14 error file /Users/craig/Developer/jobs/classdojo/bindable-decor/package.json
15 error code EJSONPARSE
16 verbose exit [ 1, true ]
